<?xml version='1.0' encoding='UTF-8'?>
<testsuite hostname="home" name="FiveStageCore.FiveStageCoreTest" tests="1" errors="0" failures="0" skipped="0" time="12.267" timestamp="2022-07-16T00:46:28">
          <properties>
[...]
</properties>
          <testcase classname="FiveStageCore.FiveStageCoreTest" name="FiveStageCore" time="12.267">
                      
                    </testcase>
          <system-out><![CDATA[]]></system-out>
          <system-err><![CDATA[]]></system-err>
        </testsuite>