<?xml version='1.0' encoding='UTF-8'?>
<testsuite hostname="merl" name="FiveStageCore.FiveStageCoreTest" tests="1" errors="0" failures="1" skipped="0" time="0.59" timestamp="2022-07-05T18:43:10">
          <properties>
[...]
</properties>
          <testcase classname="FiveStageCore.FiveStageCoreTest" name="FiveStageCore" time="0.59">
                      <failure message="Connection between sink (ControlUnit.io.id: IO[UInt&lt;5&gt;]) and source (FiveStageCore.?: OpResult[SInt]) failed @: Sink (UInt&lt;5&gt;) and Source (SInt) have different types." type="chisel3.internal.ChiselException">chisel3.internal.ChiselException: Connection between sink (ControlUnit.io.id: IO[UInt&lt;5&gt;]) and source (FiveStageCore.?: OpResult[SInt]) failed @: Sink (UInt&lt;5&gt;) and Source (SInt) have different types.
	at ... ()
	at FiveStageCore.FiveStageCore.$anonfun$new$10(FiveStageCore.scala:288)
	at FiveStageCore.FiveStageCore.$anonfun$new$10$adapted(FiveStageCore.scala:288)
	at scala.collection.IndexedSeqOptimized.foreach(IndexedSeqOptimized.scala:36)
	at scala.collection.IndexedSeqOptimized.foreach$(IndexedSeqOptimized.scala:33)
	at scala.collection.mutable.ArrayOps$ofRef.foreach(ArrayOps.scala:198)
	at FiveStageCore.FiveStageCore.&lt;init&gt;(FiveStageCore.scala:288)
	at FiveStageCore.FiveStageCoreTest.$anonfun$new$2(FiveStageCoreTest.scala:10)
	at ... ()
	at ... (Stack trace trimmed to user code only. Rerun with --full-stacktrace to see the full stack trace)
</failure>
                    </testcase>
          <system-out><![CDATA[]]></system-out>
          <system-err><![CDATA[]]></system-err>
        </testsuite>